::1 - - [11/Feb/2021:20:09:20 +0000] "POST /student HTTP/1.1" 200 18 "http://localhost:63342/frontend-kpi/lab-7/index.html?_ijt=pkmm2iesh3f971o5icuij2rp9n" "Mozilla/5.0 (X11; Linux x86_64) AppleWebKit/537.36 (KHTML, like Gecko) Chrome/81.0.4044.92 Safari/537.36"
::1 - - [11/Feb/2021:20:09:32 +0000] "POST /student HTTP/1.1" 200 18 "http://localhost:63342/frontend-kpi/lab-7/index.html?_ijt=pkmm2iesh3f971o5icuij2rp9n" "Mozilla/5.0 (X11; Linux x86_64) AppleWebKit/537.36 (KHTML, like Gecko) Chrome/81.0.4044.92 Safari/537.36"
::1 - - [11/Feb/2021:20:13:59 +0000] "POST /student HTTP/1.1" 200 18 "http://localhost:63342/frontend-kpi/lab-7/index.html?_ijt=pkmm2iesh3f971o5icuij2rp9n" "Mozilla/5.0 (Linux; Android 6.0; Nexus 5 Build/MRA58N) AppleWebKit/537.36 (KHTML, like Gecko) Chrome/81.0.4044.92 Mobile Safari/537.36"
::1 - - [11/Feb/2021:20:13:59 +0000] "GET /favicon.ico HTTP/1.1" 404 150 "http://localhost:8080/student" "Mozilla/5.0 (Linux; Android 6.0; Nexus 5 Build/MRA58N) AppleWebKit/537.36 (KHTML, like Gecko) Chrome/81.0.4044.92 Mobile Safari/537.36"
::1 - - [11/Feb/2021:22:24:19 +0000] "POST /student HTTP/1.1" 200 18 "http://localhost:63342/frontend-kpi/lab-7/index.html?_ijt=pkmm2iesh3f971o5icuij2rp9n" "Mozilla/5.0 (X11; Linux x86_64) AppleWebKit/537.36 (KHTML, like Gecko) Chrome/81.0.4044.92 Safari/537.36"
::1 - - [11/Feb/2021:22:24:19 +0000] "GET /favicon.ico HTTP/1.1" 404 150 "http://localhost:8080/student" "Mozilla/5.0 (X11; Linux x86_64) AppleWebKit/537.36 (KHTML, like Gecko) Chrome/81.0.4044.92 Safari/537.36"
::1 - - [11/Feb/2021:22:24:47 +0000] "POST /student HTTP/1.1" 200 18 "http://localhost:63342/frontend-kpi/lab-7/index.html?_ijt=pkmm2iesh3f971o5icuij2rp9n" "Mozilla/5.0 (Linux; Android 6.0; Nexus 5 Build/MRA58N) AppleWebKit/537.36 (KHTML, like Gecko) Chrome/81.0.4044.92 Mobile Safari/537.36"
::1 - - [11/Feb/2021:22:24:52 +0000] "POST /student HTTP/1.1" 200 18 "http://localhost:63342/frontend-kpi/lab-7/index.html?_ijt=pkmm2iesh3f971o5icuij2rp9n" "Mozilla/5.0 (X11; Linux x86_64) AppleWebKit/537.36 (KHTML, like Gecko) Chrome/81.0.4044.92 Safari/537.36"
::1 - - [11/Feb/2021:22:25:11 +0000] "POST /student HTTP/1.1" 200 18 "http://localhost:63342/frontend-kpi/lab-7/index.html?_ijt=pkmm2iesh3f971o5icuij2rp9n" "Mozilla/5.0 (X11; Linux x86_64) AppleWebKit/537.36 (KHTML, like Gecko) Chrome/81.0.4044.92 Safari/537.36"
::1 - - [11/Feb/2021:22:25:29 +0000] "POST /student HTTP/1.1" 200 18 "http://localhost:63342/frontend-kpi/lab-7/index.html?_ijt=pkmm2iesh3f971o5icuij2rp9n" "Mozilla/5.0 (X11; Linux x86_64) AppleWebKit/537.36 (KHTML, like Gecko) Chrome/81.0.4044.92 Safari/537.36"
::1 - - [11/Feb/2021:22:25:29 +0000] "GET /favicon.ico HTTP/1.1" 404 150 "http://localhost:8080/student" "Mozilla/5.0 (X11; Linux x86_64) AppleWebKit/537.36 (KHTML, like Gecko) Chrome/81.0.4044.92 Safari/537.36"
::1 - - [11/Feb/2021:22:25:35 +0000] "POST /student HTTP/1.1" 200 18 "http://localhost:63342/frontend-kpi/lab-7/index.html?_ijt=pkmm2iesh3f971o5icuij2rp9n" "Mozilla/5.0 (X11; Linux x86_64) AppleWebKit/537.36 (KHTML, like Gecko) Chrome/81.0.4044.92 Safari/537.36"
::1 - - [11/Feb/2021:22:25:42 +0000] "POST /student HTTP/1.1" 200 18 "http://localhost:63342/frontend-kpi/lab-7/index.html?_ijt=pkmm2iesh3f971o5icuij2rp9n" "Mozilla/5.0 (X11; Linux x86_64) AppleWebKit/537.36 (KHTML, like Gecko) Chrome/81.0.4044.92 Safari/537.36"
::1 - - [11/Feb/2021:22:25:57 +0000] "POST /student HTTP/1.1" 200 18 "http://localhost:63342/frontend-kpi/lab-7/index.html?_ijt=pkmm2iesh3f971o5icuij2rp9n" "Mozilla/5.0 (X11; Linux x86_64) AppleWebKit/537.36 (KHTML, like Gecko) Chrome/81.0.4044.92 Safari/537.36"
::1 - - [11/Feb/2021:22:25:57 +0000] "GET /favicon.ico HTTP/1.1" 404 150 "http://localhost:8080/student" "Mozilla/5.0 (X11; Linux x86_64) AppleWebKit/537.36 (KHTML, like Gecko) Chrome/81.0.4044.92 Safari/537.36"
::1 - - [11/Feb/2021:22:26:01 +0000] "POST /student HTTP/1.1" 200 18 "http://localhost:63342/frontend-kpi/lab-7/index.html?_ijt=pkmm2iesh3f971o5icuij2rp9n" "Mozilla/5.0 (X11; Linux x86_64) AppleWebKit/537.36 (KHTML, like Gecko) Chrome/81.0.4044.92 Safari/537.36"
::1 - - [11/Feb/2021:22:26:21 +0000] "POST /student HTTP/1.1" 200 18 "http://localhost:63342/frontend-kpi/lab-7/index.html?_ijt=pkmm2iesh3f971o5icuij2rp9n" "Mozilla/5.0 (X11; Linux x86_64) AppleWebKit/537.36 (KHTML, like Gecko) Chrome/81.0.4044.92 Safari/537.36"
::1 - - [11/Feb/2021:22:26:25 +0000] "POST /student HTTP/1.1" 200 18 "http://localhost:63342/frontend-kpi/lab-7/index.html?_ijt=pkmm2iesh3f971o5icuij2rp9n" "Mozilla/5.0 (X11; Linux x86_64) AppleWebKit/537.36 (KHTML, like Gecko) Chrome/81.0.4044.92 Safari/537.36"
::1 - - [11/Feb/2021:22:26:45 +0000] "POST /student HTTP/1.1" 200 18 "-" "Mozilla/5.0 (X11; Linux x86_64) AppleWebKit/537.36 (KHTML, like Gecko) Chrome/81.0.4044.92 Safari/537.36"
::1 - - [11/Feb/2021:22:26:52 +0000] "POST /student HTTP/1.1" 200 18 "-" "Mozilla/5.0 (X11; Linux x86_64) AppleWebKit/537.36 (KHTML, like Gecko) Chrome/81.0.4044.92 Safari/537.36"
::1 - - [11/Feb/2021:22:26:53 +0000] "POST /student HTTP/1.1" 200 18 "-" "Mozilla/5.0 (X11; Linux x86_64) AppleWebKit/537.36 (KHTML, like Gecko) Chrome/81.0.4044.92 Safari/537.36"
::1 - - [11/Feb/2021:22:27:05 +0000] "POST /student HTTP/1.1" 200 18 "-" "Mozilla/5.0 (X11; Linux x86_64) AppleWebKit/537.36 (KHTML, like Gecko) Chrome/81.0.4044.92 Safari/537.36"
::1 - - [11/Feb/2021:22:27:05 +0000] "POST /student HTTP/1.1" 200 18 "-" "Mozilla/5.0 (X11; Linux x86_64) AppleWebKit/537.36 (KHTML, like Gecko) Chrome/81.0.4044.92 Safari/537.36"
::1 - - [11/Feb/2021:22:27:17 +0000] "POST /student HTTP/1.1" 200 18 "-" "Mozilla/5.0 (X11; Linux x86_64) AppleWebKit/537.36 (KHTML, like Gecko) Chrome/81.0.4044.92 Safari/537.36"
::1 - - [11/Feb/2021:22:27:39 +0000] "POST /student HTTP/1.1" 500 1341 "-" "Mozilla/5.0 (X11; Linux x86_64) AppleWebKit/537.36 (KHTML, like Gecko) Chrome/81.0.4044.92 Safari/537.36"
::1 - - [11/Feb/2021:22:27:52 +0000] "POST /student HTTP/1.1" 200 18 "-" "Mozilla/5.0 (X11; Linux x86_64) AppleWebKit/537.36 (KHTML, like Gecko) Chrome/81.0.4044.92 Safari/537.36"
::1 - - [11/Feb/2021:22:28:33 +0000] "POST /student HTTP/1.1" 500 1348 "-" "Mozilla/5.0 (X11; Linux x86_64) AppleWebKit/537.36 (KHTML, like Gecko) Chrome/81.0.4044.92 Safari/537.36"
::1 - - [11/Feb/2021:22:28:49 +0000] "POST /student HTTP/1.1" 500 1348 "-" "Mozilla/5.0 (X11; Linux x86_64) AppleWebKit/537.36 (KHTML, like Gecko) Chrome/81.0.4044.92 Safari/537.36"
::1 - - [11/Feb/2021:22:36:08 +0000] "POST /student HTTP/1.1" 500 1348 "-" "Mozilla/5.0 (X11; Linux x86_64) AppleWebKit/537.36 (KHTML, like Gecko) Chrome/81.0.4044.92 Safari/537.36"
::1 - - [11/Feb/2021:22:36:40 +0000] "POST /student HTTP/1.1" 500 1348 "-" "Mozilla/5.0 (X11; Linux x86_64) AppleWebKit/537.36 (KHTML, like Gecko) Chrome/81.0.4044.92 Safari/537.36"
::1 - - [11/Feb/2021:22:36:44 +0000] "POST /student HTTP/1.1" 500 1348 "-" "Mozilla/5.0 (X11; Linux x86_64) AppleWebKit/537.36 (KHTML, like Gecko) Chrome/81.0.4044.92 Safari/537.36"
::1 - - [11/Feb/2021:22:36:58 +0000] "POST /student HTTP/1.1" 200 33 "-" "Mozilla/5.0 (X11; Linux x86_64) AppleWebKit/537.36 (KHTML, like Gecko) Chrome/81.0.4044.92 Safari/537.36"
::1 - - [11/Feb/2021:22:37:11 +0000] "POST /student HTTP/1.1" 200 33 "-" "Mozilla/5.0 (X11; Linux x86_64) AppleWebKit/537.36 (KHTML, like Gecko) Chrome/81.0.4044.92 Safari/537.36"
::1 - - [11/Feb/2021:22:38:03 +0000] "POST /student HTTP/1.1" 200 33 "-" "Mozilla/5.0 (X11; Linux x86_64) AppleWebKit/537.36 (KHTML, like Gecko) Chrome/81.0.4044.92 Safari/537.36"
::1 - - [11/Feb/2021:22:38:27 +0000] "POST /student HTTP/1.1" 200 33 "-" "Mozilla/5.0 (X11; Linux x86_64) AppleWebKit/537.36 (KHTML, like Gecko) Chrome/81.0.4044.92 Safari/537.36"
::1 - - [11/Feb/2021:22:38:29 +0000] "POST /student HTTP/1.1" 200 33 "-" "Mozilla/5.0 (X11; Linux x86_64) AppleWebKit/537.36 (KHTML, like Gecko) Chrome/81.0.4044.92 Safari/537.36"
::1 - - [11/Feb/2021:22:38:30 +0000] "POST /student HTTP/1.1" 200 33 "-" "Mozilla/5.0 (X11; Linux x86_64) AppleWebKit/537.36 (KHTML, like Gecko) Chrome/81.0.4044.92 Safari/537.36"
::1 - - [11/Feb/2021:22:38:30 +0000] "POST /student HTTP/1.1" 200 33 "-" "Mozilla/5.0 (X11; Linux x86_64) AppleWebKit/537.36 (KHTML, like Gecko) Chrome/81.0.4044.92 Safari/537.36"
::1 - - [11/Feb/2021:22:38:37 +0000] "POST /student HTTP/1.1" 200 33 "-" "Mozilla/5.0 (X11; Linux x86_64) AppleWebKit/537.36 (KHTML, like Gecko) Chrome/81.0.4044.92 Safari/537.36"
::1 - - [11/Feb/2021:22:38:58 +0000] "POST /student HTTP/1.1" 200 33 "-" "Mozilla/5.0 (X11; Linux x86_64) AppleWebKit/537.36 (KHTML, like Gecko) Chrome/81.0.4044.92 Safari/537.36"
::1 - - [11/Feb/2021:22:39:40 +0000] "POST /student HTTP/1.1" 500 29 "-" "Mozilla/5.0 (X11; Linux x86_64) AppleWebKit/537.36 (KHTML, like Gecko) Chrome/81.0.4044.92 Safari/537.36"
::1 - - [11/Feb/2021:22:39:49 +0000] "POST /student HTTP/1.1" 500 29 "-" "Mozilla/5.0 (X11; Linux x86_64) AppleWebKit/537.36 (KHTML, like Gecko) Chrome/81.0.4044.92 Safari/537.36"
::1 - - [11/Feb/2021:22:40:11 +0000] "POST /student HTTP/1.1" 500 29 "-" "Mozilla/5.0 (X11; Linux x86_64) AppleWebKit/537.36 (KHTML, like Gecko) Chrome/81.0.4044.92 Safari/537.36"
::1 - - [11/Feb/2021:22:52:11 +0000] "POST /student HTTP/1.1" 200 33 "http://localhost:63342/frontend-kpi/lab-7/index.html?_ijt=pkmm2iesh3f971o5icuij2rp9n" "Mozilla/5.0 (X11; Linux x86_64) AppleWebKit/537.36 (KHTML, like Gecko) Chrome/81.0.4044.92 Safari/537.36"
::1 - - [11/Feb/2021:22:52:46 +0000] "POST /student HTTP/1.1" 200 33 "http://localhost:63342/frontend-kpi/lab-7/index.html?_ijt=pkmm2iesh3f971o5icuij2rp9n" "Mozilla/5.0 (X11; Linux x86_64) AppleWebKit/537.36 (KHTML, like Gecko) Chrome/81.0.4044.92 Safari/537.36"
::1 - - [11/Feb/2021:22:52:47 +0000] "GET /favicon.ico HTTP/1.1" 404 150 "http://localhost:8080/student" "Mozilla/5.0 (X11; Linux x86_64) AppleWebKit/537.36 (KHTML, like Gecko) Chrome/81.0.4044.92 Safari/537.36"
::1 - - [11/Feb/2021:23:42:58 +0000] "OPTIONS /student HTTP/1.1" 200 4 "-" "Mozilla/5.0 (X11; Linux x86_64) AppleWebKit/537.36 (KHTML, like Gecko) Chrome/81.0.4044.92 Safari/537.36"
::1 - - [11/Feb/2021:23:43:43 +0000] "OPTIONS /student HTTP/1.1" 200 4 "-" "Mozilla/5.0 (X11; Linux x86_64) AppleWebKit/537.36 (KHTML, like Gecko) Chrome/81.0.4044.92 Safari/537.36"
::1 - - [11/Feb/2021:23:44:35 +0000] "OPTIONS /student HTTP/1.1" 200 4 "-" "Mozilla/5.0 (X11; Linux x86_64) AppleWebKit/537.36 (KHTML, like Gecko) Chrome/81.0.4044.92 Safari/537.36"
::1 - - [11/Feb/2021:23:45:21 +0000] "POST /student HTTP/1.1" 200 33 "-" "Mozilla/5.0 (X11; Linux x86_64) AppleWebKit/537.36 (KHTML, like Gecko) Chrome/81.0.4044.92 Safari/537.36"
::1 - - [11/Feb/2021:23:46:10 +0000] "POST /student HTTP/1.1" 200 33 "-" "Mozilla/5.0 (X11; Linux x86_64) AppleWebKit/537.36 (KHTML, like Gecko) Chrome/81.0.4044.92 Safari/537.36"
::1 - - [11/Feb/2021:23:46:44 +0000] "POST /student HTTP/1.1" 200 33 "-" "Mozilla/5.0 (X11; Linux x86_64) AppleWebKit/537.36 (KHTML, like Gecko) Chrome/81.0.4044.92 Safari/537.36"
::1 - - [11/Feb/2021:23:47:04 +0000] "POST /student HTTP/1.1" 500 1341 "-" "Mozilla/5.0 (X11; Linux x86_64) AppleWebKit/537.36 (KHTML, like Gecko) Chrome/81.0.4044.92 Safari/537.36"
::1 - - [11/Feb/2021:23:47:10 +0000] "POST /student HTTP/1.1" 500 1341 "-" "Mozilla/5.0 (X11; Linux x86_64) AppleWebKit/537.36 (KHTML, like Gecko) Chrome/81.0.4044.92 Safari/537.36"
::1 - - [11/Feb/2021:23:49:36 +0000] "POST /student HTTP/1.1" 500 1341 "-" "Mozilla/5.0 (X11; Linux x86_64) AppleWebKit/537.36 (KHTML, like Gecko) Chrome/81.0.4044.92 Safari/537.36"
::1 - - [11/Feb/2021:23:49:38 +0000] "POST /student HTTP/1.1" 500 1341 "-" "Mozilla/5.0 (X11; Linux x86_64) AppleWebKit/537.36 (KHTML, like Gecko) Chrome/81.0.4044.92 Safari/537.36"
::1 - - [11/Feb/2021:23:49:46 +0000] "POST /student HTTP/1.1" 500 1341 "-" "Mozilla/5.0 (X11; Linux x86_64) AppleWebKit/537.36 (KHTML, like Gecko) Chrome/81.0.4044.92 Safari/537.36"
::1 - - [11/Feb/2021:23:49:58 +0000] "POST /student HTTP/1.1" 500 1341 "-" "Mozilla/5.0 (X11; Linux x86_64) AppleWebKit/537.36 (KHTML, like Gecko) Chrome/81.0.4044.92 Safari/537.36"
::1 - - [11/Feb/2021:23:53:49 +0000] "POST /student HTTP/1.1" 500 1341 "-" "Mozilla/5.0 (X11; Linux x86_64) AppleWebKit/537.36 (KHTML, like Gecko) Chrome/81.0.4044.92 Safari/537.36"
::1 - - [11/Feb/2021:23:54:06 +0000] "POST /student HTTP/1.1" 500 1341 "-" "Mozilla/5.0 (X11; Linux x86_64) AppleWebKit/537.36 (KHTML, like Gecko) Chrome/81.0.4044.92 Safari/537.36"
::1 - - [11/Feb/2021:23:55:55 +0000] "POST /student HTTP/1.1" 500 1341 "-" "Mozilla/5.0 (X11; Linux x86_64) AppleWebKit/537.36 (KHTML, like Gecko) Chrome/81.0.4044.92 Safari/537.36"
::1 - - [11/Feb/2021:23:58:36 +0000] "POST /student HTTP/1.1" 500 1312 "-" "Mozilla/5.0 (X11; Linux x86_64) AppleWebKit/537.36 (KHTML, like Gecko) Chrome/81.0.4044.92 Safari/537.36"
::1 - - [11/Feb/2021:23:59:04 +0000] "POST /student HTTP/1.1" 500 1312 "-" "Mozilla/5.0 (X11; Linux x86_64) AppleWebKit/537.36 (KHTML, like Gecko) Chrome/81.0.4044.92 Safari/537.36"
::1 - - [11/Feb/2021:23:59:22 +0000] "POST /student HTTP/1.1" 500 1312 "-" "Mozilla/5.0 (X11; Linux x86_64) AppleWebKit/537.36 (KHTML, like Gecko) Chrome/81.0.4044.92 Safari/537.36"
::1 - - [11/Feb/2021:23:59:43 +0000] "POST /student HTTP/1.1" 500 1312 "-" "Mozilla/5.0 (X11; Linux x86_64) AppleWebKit/537.36 (KHTML, like Gecko) Chrome/81.0.4044.92 Safari/537.36"
::1 - - [12/Feb/2021:00:00:06 +0000] "POST /student HTTP/1.1" 500 1312 "-" "Mozilla/5.0 (X11; Linux x86_64) AppleWebKit/537.36 (KHTML, like Gecko) Chrome/81.0.4044.92 Safari/537.36"
::1 - - [12/Feb/2021:00:02:24 +0000] "POST /student HTTP/1.1" 500 1312 "-" "Mozilla/5.0 (X11; Linux x86_64) AppleWebKit/537.36 (KHTML, like Gecko) Chrome/81.0.4044.92 Safari/537.36"
::1 - - [12/Feb/2021:00:04:35 +0000] "POST /student HTTP/1.1" 500 29 "-" "Mozilla/5.0 (X11; Linux x86_64) AppleWebKit/537.36 (KHTML, like Gecko) Chrome/81.0.4044.92 Safari/537.36"
::1 - - [12/Feb/2021:00:04:46 +0000] "POST /student HTTP/1.1" 500 29 "-" "Mozilla/5.0 (X11; Linux x86_64) AppleWebKit/537.36 (KHTML, like Gecko) Chrome/81.0.4044.92 Safari/537.36"
::1 - - [12/Feb/2021:00:05:36 +0000] "POST /student HTTP/1.1" 500 1312 "-" "Mozilla/5.0 (X11; Linux x86_64) AppleWebKit/537.36 (KHTML, like Gecko) Chrome/81.0.4044.92 Safari/537.36"
::1 - - [12/Feb/2021:00:06:09 +0000] "POST /student HTTP/1.1" 200 33 "-" "Mozilla/5.0 (X11; Linux x86_64) AppleWebKit/537.36 (KHTML, like Gecko) Chrome/81.0.4044.92 Safari/537.36"
::1 - - [12/Feb/2021:00:06:34 +0000] "POST /student HTTP/1.1" 200 33 "-" "Mozilla/5.0 (X11; Linux x86_64) AppleWebKit/537.36 (KHTML, like Gecko) Chrome/81.0.4044.92 Safari/537.36"
::1 - - [12/Feb/2021:00:12:13 +0000] "OPTIONS /student HTTP/1.1" 200 4 "-" "Mozilla/5.0 (X11; Linux x86_64) AppleWebKit/537.36 (KHTML, like Gecko) Chrome/81.0.4044.92 Safari/537.36"
::1 - - [12/Feb/2021:00:12:13 +0000] "POST /student HTTP/1.1" 500 29 "-" "Mozilla/5.0 (X11; Linux x86_64) AppleWebKit/537.36 (KHTML, like Gecko) Chrome/81.0.4044.92 Safari/537.36"
::1 - - [12/Feb/2021:00:13:46 +0000] "POST /student HTTP/1.1" 500 29 "-" "Mozilla/5.0 (X11; Linux x86_64) AppleWebKit/537.36 (KHTML, like Gecko) Chrome/81.0.4044.92 Safari/537.36"
::1 - - [12/Feb/2021:00:14:03 +0000] "POST /student HTTP/1.1" 500 29 "-" "Mozilla/5.0 (X11; Linux x86_64) AppleWebKit/537.36 (KHTML, like Gecko) Chrome/81.0.4044.92 Safari/537.36"
::1 - - [12/Feb/2021:00:20:18 +0000] "POST /student HTTP/1.1" 200 33 "-" "Mozilla/5.0 (X11; Linux x86_64) AppleWebKit/537.36 (KHTML, like Gecko) Chrome/81.0.4044.92 Safari/537.36"
::1 - - [12/Feb/2021:00:24:03 +0000] "POST /student HTTP/1.1" 200 33 "-" "Mozilla/5.0 (X11; Linux x86_64) AppleWebKit/537.36 (KHTML, like Gecko) Chrome/81.0.4044.92 Safari/537.36"
::1 - - [12/Feb/2021:00:24:35 +0000] "POST /student HTTP/1.1" 200 33 "-" "Mozilla/5.0 (X11; Linux x86_64) AppleWebKit/537.36 (KHTML, like Gecko) Chrome/81.0.4044.92 Safari/537.36"
::1 - - [12/Feb/2021:00:24:38 +0000] "POST /student HTTP/1.1" 200 33 "-" "Mozilla/5.0 (X11; Linux x86_64) AppleWebKit/537.36 (KHTML, like Gecko) Chrome/81.0.4044.92 Safari/537.36"
::1 - - [12/Feb/2021:00:24:38 +0000] "POST /student HTTP/1.1" 200 33 "-" "Mozilla/5.0 (X11; Linux x86_64) AppleWebKit/537.36 (KHTML, like Gecko) Chrome/81.0.4044.92 Safari/537.36"
::1 - - [12/Feb/2021:00:24:38 +0000] "POST /student HTTP/1.1" 200 33 "-" "Mozilla/5.0 (X11; Linux x86_64) AppleWebKit/537.36 (KHTML, like Gecko) Chrome/81.0.4044.92 Safari/537.36"
::1 - - [12/Feb/2021:00:24:39 +0000] "POST /student HTTP/1.1" 200 33 "-" "Mozilla/5.0 (X11; Linux x86_64) AppleWebKit/537.36 (KHTML, like Gecko) Chrome/81.0.4044.92 Safari/537.36"
::1 - - [12/Feb/2021:00:24:39 +0000] "POST /student HTTP/1.1" 200 33 "-" "Mozilla/5.0 (X11; Linux x86_64) AppleWebKit/537.36 (KHTML, like Gecko) Chrome/81.0.4044.92 Safari/537.36"
::1 - - [12/Feb/2021:00:24:39 +0000] "POST /student HTTP/1.1" 200 33 "-" "Mozilla/5.0 (X11; Linux x86_64) AppleWebKit/537.36 (KHTML, like Gecko) Chrome/81.0.4044.92 Safari/537.36"
::1 - - [12/Feb/2021:00:24:40 +0000] "POST /student HTTP/1.1" 200 33 "-" "Mozilla/5.0 (X11; Linux x86_64) AppleWebKit/537.36 (KHTML, like Gecko) Chrome/81.0.4044.92 Safari/537.36"
::1 - - [12/Feb/2021:00:24:40 +0000] "POST /student HTTP/1.1" 200 33 "-" "Mozilla/5.0 (X11; Linux x86_64) AppleWebKit/537.36 (KHTML, like Gecko) Chrome/81.0.4044.92 Safari/537.36"
::1 - - [12/Feb/2021:00:24:40 +0000] "POST /student HTTP/1.1" 200 33 "-" "Mozilla/5.0 (X11; Linux x86_64) AppleWebKit/537.36 (KHTML, like Gecko) Chrome/81.0.4044.92 Safari/537.36"
::1 - - [12/Feb/2021:00:24:48 +0000] "POST /student HTTP/1.1" 200 33 "-" "Mozilla/5.0 (X11; Linux x86_64) AppleWebKit/537.36 (KHTML, like Gecko) Chrome/81.0.4044.92 Safari/537.36"
::1 - - [12/Feb/2021:00:24:49 +0000] "POST /student HTTP/1.1" 200 33 "-" "Mozilla/5.0 (X11; Linux x86_64) AppleWebKit/537.36 (KHTML, like Gecko) Chrome/81.0.4044.92 Safari/537.36"
::1 - - [12/Feb/2021:00:24:49 +0000] "POST /student HTTP/1.1" 200 33 "-" "Mozilla/5.0 (X11; Linux x86_64) AppleWebKit/537.36 (KHTML, like Gecko) Chrome/81.0.4044.92 Safari/537.36"
::1 - - [12/Feb/2021:00:24:49 +0000] "POST /student HTTP/1.1" 200 33 "-" "Mozilla/5.0 (X11; Linux x86_64) AppleWebKit/537.36 (KHTML, like Gecko) Chrome/81.0.4044.92 Safari/537.36"
::1 - - [12/Feb/2021:00:24:50 +0000] "POST /student HTTP/1.1" 200 33 "-" "Mozilla/5.0 (X11; Linux x86_64) AppleWebKit/537.36 (KHTML, like Gecko) Chrome/81.0.4044.92 Safari/537.36"
::1 - - [12/Feb/2021:00:24:50 +0000] "POST /student HTTP/1.1" 200 33 "-" "Mozilla/5.0 (X11; Linux x86_64) AppleWebKit/537.36 (KHTML, like Gecko) Chrome/81.0.4044.92 Safari/537.36"
::1 - - [12/Feb/2021:00:24:51 +0000] "POST /student HTTP/1.1" 200 33 "-" "Mozilla/5.0 (X11; Linux x86_64) AppleWebKit/537.36 (KHTML, like Gecko) Chrome/81.0.4044.92 Safari/537.36"
::1 - - [12/Feb/2021:00:24:51 +0000] "POST /student HTTP/1.1" 200 33 "-" "Mozilla/5.0 (X11; Linux x86_64) AppleWebKit/537.36 (KHTML, like Gecko) Chrome/81.0.4044.92 Safari/537.36"
::1 - - [12/Feb/2021:00:28:57 +0000] "POST /student HTTP/1.1" 200 33 "-" "Mozilla/5.0 (X11; Linux x86_64) AppleWebKit/537.36 (KHTML, like Gecko) Chrome/81.0.4044.92 Safari/537.36"
::1 - - [12/Feb/2021:00:29:01 +0000] "POST /student HTTP/1.1" 200 33 "-" "Mozilla/5.0 (X11; Linux x86_64) AppleWebKit/537.36 (KHTML, like Gecko) Chrome/81.0.4044.92 Safari/537.36"
::1 - - [12/Feb/2021:00:34:01 +0000] "POST /student HTTP/1.1" 500 29 "-" "Mozilla/5.0 (X11; Linux x86_64) AppleWebKit/537.36 (KHTML, like Gecko) Chrome/81.0.4044.92 Safari/537.36"
::1 - - [12/Feb/2021:00:34:11 +0000] "POST /student HTTP/1.1" 200 33 "-" "Mozilla/5.0 (X11; Linux x86_64) AppleWebKit/537.36 (KHTML, like Gecko) Chrome/81.0.4044.92 Safari/537.36"
::1 - - [12/Feb/2021:00:37:47 +0000] "POST /student HTTP/1.1" 200 33 "-" "Mozilla/5.0 (X11; Linux x86_64) AppleWebKit/537.36 (KHTML, like Gecko) Chrome/81.0.4044.92 Safari/537.36"
::1 - - [12/Feb/2021:00:38:30 +0000] "POST /student HTTP/1.1" 200 33 "-" "Mozilla/5.0 (X11; Linux x86_64) AppleWebKit/537.36 (KHTML, like Gecko) Chrome/81.0.4044.92 Safari/537.36"
::1 - - [12/Feb/2021:00:39:45 +0000] "POST /student HTTP/1.1" 200 33 "http://localhost:63342/frontend-kpi/lab-7/index.html?pib=asdf&group=asdf&variant=2&phone=12&email=asdf%40asdf" "Mozilla/5.0 (X11; Linux x86_64) AppleWebKit/537.36 (KHTML, like Gecko) Chrome/81.0.4044.92 Safari/537.36"
::1 - - [12/Feb/2021:00:50:56 +0000] "POST /student HTTP/1.1" 500 1433 "http://localhost:63342/frontend-kpi/lab-7/index.html?pib=asdf&group=asdf&variant=2&phone=12&email=asdf%40asdf" "Mozilla/5.0 (X11; Linux x86_64) AppleWebKit/537.36 (KHTML, like Gecko) Chrome/81.0.4044.92 Safari/537.36"
::1 - - [12/Feb/2021:00:52:23 +0000] "POST /student HTTP/1.1" 500 1433 "http://localhost:63342/frontend-kpi/lab-7/index.html?pib=asdf&group=asdf&variant=2&phone=12&email=asdf%40asdf" "Mozilla/5.0 (X11; Linux x86_64) AppleWebKit/537.36 (KHTML, like Gecko) Chrome/81.0.4044.92 Safari/537.36"
::1 - - [12/Feb/2021:00:52:26 +0000] "POST /student HTTP/1.1" 500 1433 "http://localhost:63342/frontend-kpi/lab-7/index.html?pib=asdf&group=asdf&variant=2&phone=12&email=asdf%40asdf" "Mozilla/5.0 (X11; Linux x86_64) AppleWebKit/537.36 (KHTML, like Gecko) Chrome/81.0.4044.92 Safari/537.36"
::1 - - [12/Feb/2021:00:54:44 +0000] "POST /student HTTP/1.1" - - "http://localhost:63342/frontend-kpi/lab-7/index.html?pib=asdf&group=asdf&variant=2&phone=12&email=asdf%40asdf" "Mozilla/5.0 (X11; Linux x86_64) AppleWebKit/537.36 (KHTML, like Gecko) Chrome/81.0.4044.92 Safari/537.36"
::1 - - [12/Feb/2021:00:54:49 +0000] "POST /student HTTP/1.1" - - "http://localhost:63342/frontend-kpi/lab-7/index.html?pib=asdf&group=asdf&variant=2&phone=12&email=asdf%40asdf" "Mozilla/5.0 (X11; Linux x86_64) AppleWebKit/537.36 (KHTML, like Gecko) Chrome/81.0.4044.92 Safari/537.36"
::1 - - [12/Feb/2021:00:54:50 +0000] "POST /student HTTP/1.1" - - "http://localhost:63342/frontend-kpi/lab-7/index.html?pib=asdf&group=asdf&variant=2&phone=12&email=asdf%40asdf" "Mozilla/5.0 (X11; Linux x86_64) AppleWebKit/537.36 (KHTML, like Gecko) Chrome/81.0.4044.92 Safari/537.36"
::1 - - [12/Feb/2021:00:54:50 +0000] "POST /student HTTP/1.1" - - "http://localhost:63342/frontend-kpi/lab-7/index.html?pib=asdf&group=asdf&variant=2&phone=12&email=asdf%40asdf" "Mozilla/5.0 (X11; Linux x86_64) AppleWebKit/537.36 (KHTML, like Gecko) Chrome/81.0.4044.92 Safari/537.36"
::1 - - [12/Feb/2021:00:54:50 +0000] "POST /student HTTP/1.1" - - "http://localhost:63342/frontend-kpi/lab-7/index.html?pib=asdf&group=asdf&variant=2&phone=12&email=asdf%40asdf" "Mozilla/5.0 (X11; Linux x86_64) AppleWebKit/537.36 (KHTML, like Gecko) Chrome/81.0.4044.92 Safari/537.36"
::1 - - [12/Feb/2021:00:54:50 +0000] "POST /student HTTP/1.1" - - "http://localhost:63342/frontend-kpi/lab-7/index.html?pib=asdf&group=asdf&variant=2&phone=12&email=asdf%40asdf" "Mozilla/5.0 (X11; Linux x86_64) AppleWebKit/537.36 (KHTML, like Gecko) Chrome/81.0.4044.92 Safari/537.36"
::1 - - [12/Feb/2021:00:56:21 +0000] "POST /student HTTP/1.1" 500 29 "http://localhost:63342/frontend-kpi/lab-7/index.html?pib=asdf&group=asdf&variant=2&phone=12&email=asdf%40asdf" "Mozilla/5.0 (X11; Linux x86_64) AppleWebKit/537.36 (KHTML, like Gecko) Chrome/81.0.4044.92 Safari/537.36"
::1 - - [12/Feb/2021:00:57:19 +0000] "POST /student HTTP/1.1" 500 29 "http://localhost:63342/frontend-kpi/lab-7/index.html?pib=asdf&group=asdf&variant=2&phone=12&email=asdf%40asdf" "Mozilla/5.0 (X11; Linux x86_64) AppleWebKit/537.36 (KHTML, like Gecko) Chrome/81.0.4044.92 Safari/537.36"
::1 - - [12/Feb/2021:00:58:54 +0000] "POST /student HTTP/1.1" 500 29 "http://localhost:63342/frontend-kpi/lab-7/index.html?pib=asdf&group=asdf&variant=2&phone=12&email=asdf%40asdf" "Mozilla/5.0 (X11; Linux x86_64) AppleWebKit/537.36 (KHTML, like Gecko) Chrome/81.0.4044.92 Safari/537.36"
::1 - - [12/Feb/2021:00:59:07 +0000] "POST /student HTTP/1.1" 500 29 "http://localhost:63342/frontend-kpi/lab-7/index.html?pib=asdf&group=asdf&variant=2&phone=12&email=asdf%40asdf" "Mozilla/5.0 (X11; Linux x86_64) AppleWebKit/537.36 (KHTML, like Gecko) Chrome/81.0.4044.92 Safari/537.36"
::1 - - [12/Feb/2021:00:59:07 +0000] "POST /student HTTP/1.1" 500 29 "http://localhost:63342/frontend-kpi/lab-7/index.html?pib=asdf&group=asdf&variant=2&phone=12&email=asdf%40asdf" "Mozilla/5.0 (X11; Linux x86_64) AppleWebKit/537.36 (KHTML, like Gecko) Chrome/81.0.4044.92 Safari/537.36"
::1 - - [12/Feb/2021:00:59:08 +0000] "POST /student HTTP/1.1" 500 29 "http://localhost:63342/frontend-kpi/lab-7/index.html?pib=asdf&group=asdf&variant=2&phone=12&email=asdf%40asdf" "Mozilla/5.0 (X11; Linux x86_64) AppleWebKit/537.36 (KHTML, like Gecko) Chrome/81.0.4044.92 Safari/537.36"
::1 - - [12/Feb/2021:00:59:08 +0000] "POST /student HTTP/1.1" 500 29 "http://localhost:63342/frontend-kpi/lab-7/index.html?pib=asdf&group=asdf&variant=2&phone=12&email=asdf%40asdf" "Mozilla/5.0 (X11; Linux x86_64) AppleWebKit/537.36 (KHTML, like Gecko) Chrome/81.0.4044.92 Safari/537.36"
::1 - - [12/Feb/2021:00:59:10 +0000] "POST /student HTTP/1.1" 500 29 "http://localhost:63342/frontend-kpi/lab-7/index.html?pib=asdf&group=asdf&variant=2&phone=12&email=asdf%40asdf" "Mozilla/5.0 (X11; Linux x86_64) AppleWebKit/537.36 (KHTML, like Gecko) Chrome/81.0.4044.92 Safari/537.36"
::1 - - [12/Feb/2021:00:59:11 +0000] "POST /student HTTP/1.1" 500 29 "http://localhost:63342/frontend-kpi/lab-7/index.html?pib=asdf&group=asdf&variant=2&phone=12&email=asdf%40asdf" "Mozilla/5.0 (X11; Linux x86_64) AppleWebKit/537.36 (KHTML, like Gecko) Chrome/81.0.4044.92 Safari/537.36"
::1 - - [12/Feb/2021:00:59:11 +0000] "POST /student HTTP/1.1" 500 29 "http://localhost:63342/frontend-kpi/lab-7/index.html?pib=asdf&group=asdf&variant=2&phone=12&email=asdf%40asdf" "Mozilla/5.0 (X11; Linux x86_64) AppleWebKit/537.36 (KHTML, like Gecko) Chrome/81.0.4044.92 Safari/537.36"
::1 - - [12/Feb/2021:00:59:11 +0000] "POST /student HTTP/1.1" 500 29 "http://localhost:63342/frontend-kpi/lab-7/index.html?pib=asdf&group=asdf&variant=2&phone=12&email=asdf%40asdf" "Mozilla/5.0 (X11; Linux x86_64) AppleWebKit/537.36 (KHTML, like Gecko) Chrome/81.0.4044.92 Safari/537.36"
::1 - - [12/Feb/2021:00:59:19 +0000] "POST /student HTTP/1.1" 500 29 "http://localhost:63342/frontend-kpi/lab-7/index.html?pib=asdf&group=asdf&variant=2&phone=12&email=asdf%40asdf" "Mozilla/5.0 (X11; Linux x86_64) AppleWebKit/537.36 (KHTML, like Gecko) Chrome/81.0.4044.92 Safari/537.36"
::1 - - [12/Feb/2021:00:59:20 +0000] "POST /student HTTP/1.1" 500 29 "http://localhost:63342/frontend-kpi/lab-7/index.html?pib=asdf&group=asdf&variant=2&phone=12&email=asdf%40asdf" "Mozilla/5.0 (X11; Linux x86_64) AppleWebKit/537.36 (KHTML, like Gecko) Chrome/81.0.4044.92 Safari/537.36"
::1 - - [12/Feb/2021:01:01:08 +0000] "POST /student HTTP/1.1" 500 29 "http://localhost:63342/frontend-kpi/lab-7/index.html?pib=asdf&group=asdf&variant=2&phone=12&email=asdf%40asdf" "Mozilla/5.0 (X11; Linux x86_64) AppleWebKit/537.36 (KHTML, like Gecko) Chrome/81.0.4044.92 Safari/537.36"
::1 - - [12/Feb/2021:01:01:31 +0000] "POST /student HTTP/1.1" 500 29 "http://localhost:63342/frontend-kpi/lab-7/index.html?pib=asdf&group=asdf&variant=2&phone=12&email=asdf%40asdf" "Mozilla/5.0 (X11; Linux x86_64) AppleWebKit/537.36 (KHTML, like Gecko) Chrome/81.0.4044.92 Safari/537.36"
::1 - - [12/Feb/2021:01:01:32 +0000] "POST /student HTTP/1.1" 500 29 "http://localhost:63342/frontend-kpi/lab-7/index.html?pib=asdf&group=asdf&variant=2&phone=12&email=asdf%40asdf" "Mozilla/5.0 (X11; Linux x86_64) AppleWebKit/537.36 (KHTML, like Gecko) Chrome/81.0.4044.92 Safari/537.36"
::1 - - [12/Feb/2021:01:04:34 +0000] "POST /student HTTP/1.1" 500 29 "-" "Mozilla/5.0 (X11; Linux x86_64) AppleWebKit/537.36 (KHTML, like Gecko) Chrome/81.0.4044.92 Safari/537.36"
::1 - - [12/Feb/2021:01:04:51 +0000] "POST /student HTTP/1.1" 500 29 "-" "Mozilla/5.0 (X11; Linux x86_64) AppleWebKit/537.36 (KHTML, like Gecko) Chrome/81.0.4044.92 Safari/537.36"
::1 - - [12/Feb/2021:01:05:52 +0000] "POST /student HTTP/1.1" 500 29 "-" "Mozilla/5.0 (X11; Linux x86_64) AppleWebKit/537.36 (KHTML, like Gecko) Chrome/81.0.4044.92 Safari/537.36"
::1 - - [12/Feb/2021:01:06:01 +0000] "POST /student HTTP/1.1" 500 29 "-" "Mozilla/5.0 (X11; Linux x86_64) AppleWebKit/537.36 (KHTML, like Gecko) Chrome/81.0.4044.92 Safari/537.36"
::1 - - [12/Feb/2021:01:07:08 +0000] "POST /student HTTP/1.1" 500 29 "-" "Mozilla/5.0 (X11; Linux x86_64) AppleWebKit/537.36 (KHTML, like Gecko) Chrome/81.0.4044.92 Safari/537.36"
::1 - - [12/Feb/2021:01:07:43 +0000] "POST /student HTTP/1.1" 500 29 "-" "Mozilla/5.0 (X11; Linux x86_64) AppleWebKit/537.36 (KHTML, like Gecko) Chrome/81.0.4044.92 Safari/537.36"
::1 - - [12/Feb/2021:01:08:13 +0000] "POST /student HTTP/1.1" 500 29 "-" "Mozilla/5.0 (X11; Linux x86_64) AppleWebKit/537.36 (KHTML, like Gecko) Chrome/81.0.4044.92 Safari/537.36"
::1 - - [12/Feb/2021:01:08:16 +0000] "POST /student HTTP/1.1" 500 29 "-" "Mozilla/5.0 (X11; Linux x86_64) AppleWebKit/537.36 (KHTML, like Gecko) Chrome/81.0.4044.92 Safari/537.36"
::1 - - [12/Feb/2021:01:08:17 +0000] "POST /student HTTP/1.1" 500 29 "-" "Mozilla/5.0 (X11; Linux x86_64) AppleWebKit/537.36 (KHTML, like Gecko) Chrome/81.0.4044.92 Safari/537.36"
::1 - - [12/Feb/2021:01:08:17 +0000] "POST /student HTTP/1.1" 500 29 "-" "Mozilla/5.0 (X11; Linux x86_64) AppleWebKit/537.36 (KHTML, like Gecko) Chrome/81.0.4044.92 Safari/537.36"
::1 - - [12/Feb/2021:01:08:17 +0000] "POST /student HTTP/1.1" 500 29 "-" "Mozilla/5.0 (X11; Linux x86_64) AppleWebKit/537.36 (KHTML, like Gecko) Chrome/81.0.4044.92 Safari/537.36"
::1 - - [12/Feb/2021:01:08:18 +0000] "POST /student HTTP/1.1" 500 29 "-" "Mozilla/5.0 (X11; Linux x86_64) AppleWebKit/537.36 (KHTML, like Gecko) Chrome/81.0.4044.92 Safari/537.36"
::1 - - [12/Feb/2021:01:09:21 +0000] "POST /student HTTP/1.1" 500 29 "-" "Mozilla/5.0 (X11; Linux x86_64) AppleWebKit/537.36 (KHTML, like Gecko) Chrome/81.0.4044.92 Safari/537.36"
::1 - - [12/Feb/2021:01:09:22 +0000] "POST /student HTTP/1.1" 500 29 "-" "Mozilla/5.0 (X11; Linux x86_64) AppleWebKit/537.36 (KHTML, like Gecko) Chrome/81.0.4044.92 Safari/537.36"
::1 - - [12/Feb/2021:01:09:22 +0000] "POST /student HTTP/1.1" 500 29 "-" "Mozilla/5.0 (X11; Linux x86_64) AppleWebKit/537.36 (KHTML, like Gecko) Chrome/81.0.4044.92 Safari/537.36"
::1 - - [12/Feb/2021:01:09:22 +0000] "POST /student HTTP/1.1" 500 29 "-" "Mozilla/5.0 (X11; Linux x86_64) AppleWebKit/537.36 (KHTML, like Gecko) Chrome/81.0.4044.92 Safari/537.36"
::1 - - [12/Feb/2021:01:13:04 +0000] "POST /student HTTP/1.1" 500 29 "-" "Mozilla/5.0 (X11; Linux x86_64) AppleWebKit/537.36 (KHTML, like Gecko) Chrome/81.0.4044.92 Safari/537.36"
::1 - - [12/Feb/2021:01:13:10 +0000] "POST /student HTTP/1.1" 500 29 "-" "Mozilla/5.0 (X11; Linux x86_64) AppleWebKit/537.36 (KHTML, like Gecko) Chrome/81.0.4044.92 Safari/537.36"
::1 - - [12/Feb/2021:01:13:10 +0000] "POST /student HTTP/1.1" 500 29 "-" "Mozilla/5.0 (X11; Linux x86_64) AppleWebKit/537.36 (KHTML, like Gecko) Chrome/81.0.4044.92 Safari/537.36"
::1 - - [12/Feb/2021:01:13:11 +0000] "POST /student HTTP/1.1" 500 29 "-" "Mozilla/5.0 (X11; Linux x86_64) AppleWebKit/537.36 (KHTML, like Gecko) Chrome/81.0.4044.92 Safari/537.36"
::1 - - [12/Feb/2021:01:14:23 +0000] "POST /student HTTP/1.1" 500 29 "-" "Mozilla/5.0 (X11; Linux x86_64) AppleWebKit/537.36 (KHTML, like Gecko) Chrome/81.0.4044.92 Safari/537.36"
::1 - - [12/Feb/2021:01:14:24 +0000] "POST /student HTTP/1.1" 500 29 "-" "Mozilla/5.0 (X11; Linux x86_64) AppleWebKit/537.36 (KHTML, like Gecko) Chrome/81.0.4044.92 Safari/537.36"
::1 - - [12/Feb/2021:01:14:25 +0000] "POST /student HTTP/1.1" 500 29 "-" "Mozilla/5.0 (X11; Linux x86_64) AppleWebKit/537.36 (KHTML, like Gecko) Chrome/81.0.4044.92 Safari/537.36"
::1 - - [12/Feb/2021:01:16:29 +0000] "POST /student HTTP/1.1" 500 29 "-" "Mozilla/5.0 (X11; Linux x86_64) AppleWebKit/537.36 (KHTML, like Gecko) Chrome/81.0.4044.92 Safari/537.36"
::1 - - [12/Feb/2021:01:17:52 +0000] "POST /student HTTP/1.1" 200 33 "-" "Mozilla/5.0 (X11; Linux x86_64) AppleWebKit/537.36 (KHTML, like Gecko) Chrome/81.0.4044.92 Safari/537.36"
::1 - - [12/Feb/2021:01:17:55 +0000] "POST /student HTTP/1.1" 200 33 "-" "Mozilla/5.0 (X11; Linux x86_64) AppleWebKit/537.36 (KHTML, like Gecko) Chrome/81.0.4044.92 Safari/537.36"
::1 - - [12/Feb/2021:01:17:59 +0000] "POST /student HTTP/1.1" 200 33 "-" "Mozilla/5.0 (X11; Linux x86_64) AppleWebKit/537.36 (KHTML, like Gecko) Chrome/81.0.4044.92 Safari/537.36"
::1 - - [12/Feb/2021:01:18:08 +0000] "POST /student HTTP/1.1" 200 33 "-" "Mozilla/5.0 (X11; Linux x86_64) AppleWebKit/537.36 (KHTML, like Gecko) Chrome/81.0.4044.92 Safari/537.36"
::1 - - [12/Feb/2021:01:18:09 +0000] "POST /student HTTP/1.1" 200 33 "-" "Mozilla/5.0 (X11; Linux x86_64) AppleWebKit/537.36 (KHTML, like Gecko) Chrome/81.0.4044.92 Safari/537.36"
::1 - - [12/Feb/2021:01:18:28 +0000] "POST /student HTTP/1.1" 200 34 "-" "Mozilla/5.0 (X11; Linux x86_64) AppleWebKit/537.36 (KHTML, like Gecko) Chrome/81.0.4044.92 Safari/537.36"
::1 - - [12/Feb/2021:01:19:32 +0000] "POST /student HTTP/1.1" 500 29 "-" "Mozilla/5.0 (X11; Linux x86_64) AppleWebKit/537.36 (KHTML, like Gecko) Chrome/81.0.4044.92 Safari/537.36"
::1 - - [12/Feb/2021:01:19:33 +0000] "POST /student HTTP/1.1" 500 29 "-" "Mozilla/5.0 (X11; Linux x86_64) AppleWebKit/537.36 (KHTML, like Gecko) Chrome/81.0.4044.92 Safari/537.36"
::1 - - [12/Feb/2021:01:21:14 +0000] "OPTIONS /student HTTP/1.1" 200 4 "http://localhost:63342/frontend-kpi/lab-7/index.html?pib=asdf&group=asdf&variant=2&phone=12&email=asdf%40asdf" "Mozilla/5.0 (X11; Linux x86_64) AppleWebKit/537.36 (KHTML, like Gecko) Chrome/81.0.4044.92 Safari/537.36"
::1 - - [12/Feb/2021:01:21:14 +0000] "POST /student HTTP/1.1" 200 34 "http://localhost:63342/frontend-kpi/lab-7/index.html?pib=asdf&group=asdf&variant=2&phone=12&email=asdf%40asdf" "Mozilla/5.0 (X11; Linux x86_64) AppleWebKit/537.36 (KHTML, like Gecko) Chrome/81.0.4044.92 Safari/537.36"
::1 - - [12/Feb/2021:01:21:44 +0000] "POST /student HTTP/1.1" 500 29 "http://localhost:63342/frontend-kpi/lab-7/index.html?pib=asdf&group=asdf&variant=2&phone=12&email=asdf%40asdf" "Mozilla/5.0 (X11; Linux x86_64) AppleWebKit/537.36 (KHTML, like Gecko) Chrome/81.0.4044.92 Safari/537.36"
::1 - - [12/Feb/2021:01:22:03 +0000] "OPTIONS /student HTTP/1.1" 200 4 "http://localhost:63342/frontend-kpi/lab-7/index.html?pib=asdf&group=asdf&variant=2&phone=12&email=asdf%40asdf" "Mozilla/5.0 (X11; Linux x86_64) AppleWebKit/537.36 (KHTML, like Gecko) Chrome/81.0.4044.92 Safari/537.36"
::1 - - [12/Feb/2021:01:22:03 +0000] "POST /student HTTP/1.1" 200 34 "http://localhost:63342/frontend-kpi/lab-7/index.html?pib=asdf&group=asdf&variant=2&phone=12&email=asdf%40asdf" "Mozilla/5.0 (X11; Linux x86_64) AppleWebKit/537.36 (KHTML, like Gecko) Chrome/81.0.4044.92 Safari/537.36"
::1 - - [12/Feb/2021:01:22:23 +0000] "OPTIONS /student HTTP/1.1" 200 4 "http://localhost:63342/frontend-kpi/lab-7/index.html?pib=asdf&group=asdf&variant=2&phone=12&email=asdf%40asdf" "Mozilla/5.0 (X11; Linux x86_64) AppleWebKit/537.36 (KHTML, like Gecko) Chrome/81.0.4044.92 Safari/537.36"
::1 - - [12/Feb/2021:01:22:23 +0000] "POST /student HTTP/1.1" 200 34 "http://localhost:63342/frontend-kpi/lab-7/index.html?pib=asdf&group=asdf&variant=2&phone=12&email=asdf%40asdf" "Mozilla/5.0 (X11; Linux x86_64) AppleWebKit/537.36 (KHTML, like Gecko) Chrome/81.0.4044.92 Safari/537.36"
::1 - - [12/Feb/2021:01:22:43 +0000] "OPTIONS /student HTTP/1.1" 200 4 "-" "Mozilla/5.0 (X11; Linux x86_64) AppleWebKit/537.36 (KHTML, like Gecko) Chrome/81.0.4044.92 Safari/537.36"
::1 - - [12/Feb/2021:01:22:43 +0000] "POST /student HTTP/1.1" 200 34 "-" "Mozilla/5.0 (X11; Linux x86_64) AppleWebKit/537.36 (KHTML, like Gecko) Chrome/81.0.4044.92 Safari/537.36"
::1 - - [12/Feb/2021:01:23:32 +0000] "POST /student HTTP/1.1" 200 34 "-" "Mozilla/5.0 (X11; Linux x86_64) AppleWebKit/537.36 (KHTML, like Gecko) Chrome/81.0.4044.92 Safari/537.36"
::1 - - [12/Feb/2021:01:26:03 +0000] "POST /student HTTP/1.1" 200 34 "-" "Mozilla/5.0 (X11; Linux x86_64) AppleWebKit/537.36 (KHTML, like Gecko) Chrome/81.0.4044.92 Safari/537.36"
::1 - - [12/Feb/2021:01:26:10 +0000] "POST /student HTTP/1.1" 200 34 "-" "Mozilla/5.0 (X11; Linux x86_64) AppleWebKit/537.36 (KHTML, like Gecko) Chrome/81.0.4044.92 Safari/537.36"
::1 - - [12/Feb/2021:01:26:11 +0000] "POST /student HTTP/1.1" 200 34 "-" "Mozilla/5.0 (X11; Linux x86_64) AppleWebKit/537.36 (KHTML, like Gecko) Chrome/81.0.4044.92 Safari/537.36"
::1 - - [12/Feb/2021:01:26:11 +0000] "POST /student HTTP/1.1" 200 34 "-" "Mozilla/5.0 (X11; Linux x86_64) AppleWebKit/537.36 (KHTML, like Gecko) Chrome/81.0.4044.92 Safari/537.36"
::1 - - [12/Feb/2021:01:26:11 +0000] "POST /student HTTP/1.1" 200 34 "-" "Mozilla/5.0 (X11; Linux x86_64) AppleWebKit/537.36 (KHTML, like Gecko) Chrome/81.0.4044.92 Safari/537.36"
::1 - - [12/Feb/2021:01:26:30 +0000] "POST /student HTTP/1.1" 200 34 "-" "Mozilla/5.0 (X11; Linux x86_64) AppleWebKit/537.36 (KHTML, like Gecko) Chrome/81.0.4044.92 Safari/537.36"
::1 - - [12/Feb/2021:01:26:31 +0000] "POST /student HTTP/1.1" 200 34 "-" "Mozilla/5.0 (X11; Linux x86_64) AppleWebKit/537.36 (KHTML, like Gecko) Chrome/81.0.4044.92 Safari/537.36"
::1 - - [12/Feb/2021:01:26:31 +0000] "POST /student HTTP/1.1" 200 34 "-" "Mozilla/5.0 (X11; Linux x86_64) AppleWebKit/537.36 (KHTML, like Gecko) Chrome/81.0.4044.92 Safari/537.36"
::1 - - [12/Feb/2021:01:26:55 +0000] "POST /student HTTP/1.1" 200 34 "-" "Mozilla/5.0 (X11; Linux x86_64) AppleWebKit/537.36 (KHTML, like Gecko) Chrome/81.0.4044.92 Safari/537.36"
::1 - - [12/Feb/2021:01:26:56 +0000] "POST /student HTTP/1.1" 200 34 "-" "Mozilla/5.0 (X11; Linux x86_64) AppleWebKit/537.36 (KHTML, like Gecko) Chrome/81.0.4044.92 Safari/537.36"
::1 - - [12/Feb/2021:01:26:57 +0000] "POST /student HTTP/1.1" 200 34 "-" "Mozilla/5.0 (X11; Linux x86_64) AppleWebKit/537.36 (KHTML, like Gecko) Chrome/81.0.4044.92 Safari/537.36"
::1 - - [12/Feb/2021:01:27:18 +0000] "POST /student HTTP/1.1" 200 34 "-" "Mozilla/5.0 (X11; Linux x86_64) AppleWebKit/537.36 (KHTML, like Gecko) Chrome/81.0.4044.92 Safari/537.36"
::1 - - [12/Feb/2021:01:27:21 +0000] "POST /student HTTP/1.1" 200 34 "-" "Mozilla/5.0 (X11; Linux x86_64) AppleWebKit/537.36 (KHTML, like Gecko) Chrome/81.0.4044.92 Safari/537.36"
::1 - - [12/Feb/2021:01:27:21 +0000] "POST /student HTTP/1.1" 200 34 "-" "Mozilla/5.0 (X11; Linux x86_64) AppleWebKit/537.36 (KHTML, like Gecko) Chrome/81.0.4044.92 Safari/537.36"
::1 - - [12/Feb/2021:01:28:07 +0000] "POST /student HTTP/1.1" 200 34 "-" "Mozilla/5.0 (X11; Linux x86_64) AppleWebKit/537.36 (KHTML, like Gecko) Chrome/81.0.4044.92 Safari/537.36"
::1 - - [12/Feb/2021:01:28:08 +0000] "POST /student HTTP/1.1" 200 34 "-" "Mozilla/5.0 (X11; Linux x86_64) AppleWebKit/537.36 (KHTML, like Gecko) Chrome/81.0.4044.92 Safari/537.36"
::1 - - [12/Feb/2021:01:28:09 +0000] "POST /student HTTP/1.1" 200 34 "-" "Mozilla/5.0 (X11; Linux x86_64) AppleWebKit/537.36 (KHTML, like Gecko) Chrome/81.0.4044.92 Safari/537.36"
::1 - - [12/Feb/2021:01:28:09 +0000] "POST /student HTTP/1.1" 200 34 "-" "Mozilla/5.0 (X11; Linux x86_64) AppleWebKit/537.36 (KHTML, like Gecko) Chrome/81.0.4044.92 Safari/537.36"
::1 - - [12/Feb/2021:01:28:09 +0000] "POST /student HTTP/1.1" 200 34 "-" "Mozilla/5.0 (X11; Linux x86_64) AppleWebKit/537.36 (KHTML, like Gecko) Chrome/81.0.4044.92 Safari/537.36"
::1 - - [12/Feb/2021:01:28:09 +0000] "POST /student HTTP/1.1" 200 34 "-" "Mozilla/5.0 (X11; Linux x86_64) AppleWebKit/537.36 (KHTML, like Gecko) Chrome/81.0.4044.92 Safari/537.36"
::1 - - [12/Feb/2021:01:28:10 +0000] "POST /student HTTP/1.1" 200 34 "-" "Mozilla/5.0 (X11; Linux x86_64) AppleWebKit/537.36 (KHTML, like Gecko) Chrome/81.0.4044.92 Safari/537.36"
::1 - - [12/Feb/2021:01:28:10 +0000] "POST /student HTTP/1.1" 200 34 "-" "Mozilla/5.0 (X11; Linux x86_64) AppleWebKit/537.36 (KHTML, like Gecko) Chrome/81.0.4044.92 Safari/537.36"
::1 - - [12/Feb/2021:01:28:10 +0000] "POST /student HTTP/1.1" 200 34 "-" "Mozilla/5.0 (X11; Linux x86_64) AppleWebKit/537.36 (KHTML, like Gecko) Chrome/81.0.4044.92 Safari/537.36"
::1 - - [12/Feb/2021:01:28:17 +0000] "POST /student HTTP/1.1" 200 34 "-" "Mozilla/5.0 (X11; Linux x86_64) AppleWebKit/537.36 (KHTML, like Gecko) Chrome/81.0.4044.92 Safari/537.36"
::1 - - [12/Feb/2021:01:28:18 +0000] "POST /student HTTP/1.1" 200 34 "-" "Mozilla/5.0 (X11; Linux x86_64) AppleWebKit/537.36 (KHTML, like Gecko) Chrome/81.0.4044.92 Safari/537.36"
::1 - - [12/Feb/2021:01:28:26 +0000] "POST /student HTTP/1.1" 200 34 "-" "Mozilla/5.0 (X11; Linux x86_64) AppleWebKit/537.36 (KHTML, like Gecko) Chrome/81.0.4044.92 Safari/537.36"
::1 - - [12/Feb/2021:01:28:26 +0000] "POST /student HTTP/1.1" 200 34 "-" "Mozilla/5.0 (X11; Linux x86_64) AppleWebKit/537.36 (KHTML, like Gecko) Chrome/81.0.4044.92 Safari/537.36"
::1 - - [12/Feb/2021:01:28:27 +0000] "POST /student HTTP/1.1" 200 34 "-" "Mozilla/5.0 (X11; Linux x86_64) AppleWebKit/537.36 (KHTML, like Gecko) Chrome/81.0.4044.92 Safari/537.36"
::1 - - [12/Feb/2021:01:28:31 +0000] "POST /student HTTP/1.1" 200 34 "-" "Mozilla/5.0 (X11; Linux x86_64) AppleWebKit/537.36 (KHTML, like Gecko) Chrome/81.0.4044.92 Safari/537.36"
::1 - - [12/Feb/2021:01:28:31 +0000] "POST /student HTTP/1.1" 200 34 "-" "Mozilla/5.0 (X11; Linux x86_64) AppleWebKit/537.36 (KHTML, like Gecko) Chrome/81.0.4044.92 Safari/537.36"
::1 - - [12/Feb/2021:01:28:31 +0000] "POST /student HTTP/1.1" 200 34 "-" "Mozilla/5.0 (X11; Linux x86_64) AppleWebKit/537.36 (KHTML, like Gecko) Chrome/81.0.4044.92 Safari/537.36"
::1 - - [12/Feb/2021:01:28:31 +0000] "POST /student HTTP/1.1" 200 34 "-" "Mozilla/5.0 (X11; Linux x86_64) AppleWebKit/537.36 (KHTML, like Gecko) Chrome/81.0.4044.92 Safari/537.36"
::1 - - [12/Feb/2021:01:28:46 +0000] "POST /student HTTP/1.1" 200 34 "-" "Mozilla/5.0 (X11; Linux x86_64) AppleWebKit/537.36 (KHTML, like Gecko) Chrome/81.0.4044.92 Safari/537.36"
::1 - - [12/Feb/2021:01:28:47 +0000] "POST /student HTTP/1.1" 200 34 "-" "Mozilla/5.0 (X11; Linux x86_64) AppleWebKit/537.36 (KHTML, like Gecko) Chrome/81.0.4044.92 Safari/537.36"
::1 - - [12/Feb/2021:01:28:47 +0000] "POST /student HTTP/1.1" 200 34 "-" "Mozilla/5.0 (X11; Linux x86_64) AppleWebKit/537.36 (KHTML, like Gecko) Chrome/81.0.4044.92 Safari/537.36"
::1 - - [12/Feb/2021:01:28:47 +0000] "POST /student HTTP/1.1" 200 34 "-" "Mozilla/5.0 (X11; Linux x86_64) AppleWebKit/537.36 (KHTML, like Gecko) Chrome/81.0.4044.92 Safari/537.36"
::1 - - [12/Feb/2021:01:30:01 +0000] "OPTIONS /student HTTP/1.1" 200 4 "-" "Mozilla/5.0 (X11; Linux x86_64) AppleWebKit/537.36 (KHTML, like Gecko) Chrome/81.0.4044.92 Safari/537.36"
::1 - - [12/Feb/2021:01:30:01 +0000] "POST /student HTTP/1.1" 200 34 "-" "Mozilla/5.0 (X11; Linux x86_64) AppleWebKit/537.36 (KHTML, like Gecko) Chrome/81.0.4044.92 Safari/537.36"
::1 - - [12/Feb/2021:01:37:12 +0000] "OPTIONS /student HTTP/1.1" 200 4 "-" "Mozilla/5.0 (X11; Linux x86_64) AppleWebKit/537.36 (KHTML, like Gecko) Chrome/81.0.4044.92 Safari/537.36"
::1 - - [12/Feb/2021:01:37:12 +0000] "POST /student HTTP/1.1" 200 34 "-" "Mozilla/5.0 (X11; Linux x86_64) AppleWebKit/537.36 (KHTML, like Gecko) Chrome/81.0.4044.92 Safari/537.36"
::1 - - [12/Feb/2021:01:47:10 +0000] "OPTIONS /student HTTP/1.1" 200 4 "-" "Mozilla/5.0 (X11; Linux x86_64) AppleWebKit/537.36 (KHTML, like Gecko) Chrome/81.0.4044.92 Safari/537.36"
::1 - - [12/Feb/2021:01:47:10 +0000] "POST /student HTTP/1.1" 200 283 "-" "Mozilla/5.0 (X11; Linux x86_64) AppleWebKit/537.36 (KHTML, like Gecko) Chrome/81.0.4044.92 Safari/537.36"
::1 - - [12/Feb/2021:01:47:37 +0000] "OPTIONS /student HTTP/1.1" 200 4 "-" "Mozilla/5.0 (X11; Linux x86_64) AppleWebKit/537.36 (KHTML, like Gecko) Chrome/81.0.4044.92 Safari/537.36"
::1 - - [12/Feb/2021:01:47:37 +0000] "POST /student HTTP/1.1" 200 282 "-" "Mozilla/5.0 (X11; Linux x86_64) AppleWebKit/537.36 (KHTML, like Gecko) Chrome/81.0.4044.92 Safari/537.36"
::1 - - [12/Feb/2021:01:47:40 +0000] "OPTIONS /student HTTP/1.1" 200 4 "-" "Mozilla/5.0 (X11; Linux x86_64) AppleWebKit/537.36 (KHTML, like Gecko) Chrome/81.0.4044.92 Safari/537.36"
::1 - - [12/Feb/2021:01:47:40 +0000] "POST /student HTTP/1.1" 200 282 "-" "Mozilla/5.0 (X11; Linux x86_64) AppleWebKit/537.36 (KHTML, like Gecko) Chrome/81.0.4044.92 Safari/537.36"
::1 - - [12/Feb/2021:01:47:40 +0000] "OPTIONS /student HTTP/1.1" 200 4 "-" "Mozilla/5.0 (X11; Linux x86_64) AppleWebKit/537.36 (KHTML, like Gecko) Chrome/81.0.4044.92 Safari/537.36"
::1 - - [12/Feb/2021:01:47:40 +0000] "POST /student HTTP/1.1" 200 282 "-" "Mozilla/5.0 (X11; Linux x86_64) AppleWebKit/537.36 (KHTML, like Gecko) Chrome/81.0.4044.92 Safari/537.36"
::1 - - [12/Feb/2021:01:48:05 +0000] "OPTIONS /student HTTP/1.1" 200 4 "-" "Mozilla/5.0 (X11; Linux x86_64) AppleWebKit/537.36 (KHTML, like Gecko) Chrome/81.0.4044.92 Safari/537.36"
::1 - - [12/Feb/2021:01:48:05 +0000] "POST /student HTTP/1.1" 200 284 "-" "Mozilla/5.0 (X11; Linux x86_64) AppleWebKit/537.36 (KHTML, like Gecko) Chrome/81.0.4044.92 Safari/537.36"
::1 - - [12/Feb/2021:01:48:07 +0000] "OPTIONS /student HTTP/1.1" 200 4 "-" "Mozilla/5.0 (X11; Linux x86_64) AppleWebKit/537.36 (KHTML, like Gecko) Chrome/81.0.4044.92 Safari/537.36"
::1 - - [12/Feb/2021:01:48:07 +0000] "POST /student HTTP/1.1" 200 284 "-" "Mozilla/5.0 (X11; Linux x86_64) AppleWebKit/537.36 (KHTML, like Gecko) Chrome/81.0.4044.92 Safari/537.36"
::1 - - [12/Feb/2021:01:48:23 +0000] "OPTIONS /student HTTP/1.1" 200 4 "-" "Mozilla/5.0 (X11; Linux x86_64) AppleWebKit/537.36 (KHTML, like Gecko) Chrome/81.0.4044.92 Safari/537.36"
::1 - - [12/Feb/2021:01:48:23 +0000] "POST /student HTTP/1.1" 200 283 "-" "Mozilla/5.0 (X11; Linux x86_64) AppleWebKit/537.36 (KHTML, like Gecko) Chrome/81.0.4044.92 Safari/537.36"
::1 - - [12/Feb/2021:01:49:06 +0000] "OPTIONS /student HTTP/1.1" 200 4 "-" "Mozilla/5.0 (X11; Linux x86_64) AppleWebKit/537.36 (KHTML, like Gecko) Chrome/81.0.4044.92 Safari/537.36"
::1 - - [12/Feb/2021:01:49:06 +0000] "POST /student HTTP/1.1" 200 285 "-" "Mozilla/5.0 (X11; Linux x86_64) AppleWebKit/537.36 (KHTML, like Gecko) Chrome/81.0.4044.92 Safari/537.36"
::1 - - [12/Feb/2021:01:49:29 +0000] "OPTIONS /student HTTP/1.1" 200 4 "-" "Mozilla/5.0 (X11; Linux x86_64) AppleWebKit/537.36 (KHTML, like Gecko) Chrome/81.0.4044.92 Safari/537.36"
::1 - - [12/Feb/2021:01:49:29 +0000] "POST /student HTTP/1.1" 200 281 "-" "Mozilla/5.0 (X11; Linux x86_64) AppleWebKit/537.36 (KHTML, like Gecko) Chrome/81.0.4044.92 Safari/537.36"
::1 - - [12/Feb/2021:01:50:11 +0000] "OPTIONS /student HTTP/1.1" 200 4 "-" "Mozilla/5.0 (X11; Linux x86_64) AppleWebKit/537.36 (KHTML, like Gecko) Chrome/81.0.4044.92 Safari/537.36"
::1 - - [12/Feb/2021:01:50:11 +0000] "POST /student HTTP/1.1" 200 277 "-" "Mozilla/5.0 (X11; Linux x86_64) AppleWebKit/537.36 (KHTML, like Gecko) Chrome/81.0.4044.92 Safari/537.36"
::1 - - [12/Feb/2021:01:51:15 +0000] "OPTIONS /student HTTP/1.1" 200 4 "-" "Mozilla/5.0 (X11; Linux x86_64) AppleWebKit/537.36 (KHTML, like Gecko) Chrome/81.0.4044.92 Safari/537.36"
::1 - - [12/Feb/2021:01:51:15 +0000] "POST /student HTTP/1.1" 200 320 "-" "Mozilla/5.0 (X11; Linux x86_64) AppleWebKit/537.36 (KHTML, like Gecko) Chrome/81.0.4044.92 Safari/537.36"
::1 - - [12/Feb/2021:01:52:09 +0000] "OPTIONS /student HTTP/1.1" 200 4 "-" "Mozilla/5.0 (X11; Linux x86_64) AppleWebKit/537.36 (KHTML, like Gecko) Chrome/81.0.4044.92 Safari/537.36"
::1 - - [12/Feb/2021:01:52:09 +0000] "POST /student HTTP/1.1" 200 312 "-" "Mozilla/5.0 (X11; Linux x86_64) AppleWebKit/537.36 (KHTML, like Gecko) Chrome/81.0.4044.92 Safari/537.36"
::1 - - [12/Feb/2021:01:52:46 +0000] "OPTIONS /student HTTP/1.1" 200 4 "-" "Mozilla/5.0 (X11; Linux x86_64) AppleWebKit/537.36 (KHTML, like Gecko) Chrome/81.0.4044.92 Safari/537.36"
::1 - - [12/Feb/2021:01:52:46 +0000] "POST /student HTTP/1.1" 200 281 "-" "Mozilla/5.0 (X11; Linux x86_64) AppleWebKit/537.36 (KHTML, like Gecko) Chrome/81.0.4044.92 Safari/537.36"
::1 - - [12/Feb/2021:01:53:08 +0000] "OPTIONS /student HTTP/1.1" 200 4 "-" "Mozilla/5.0 (X11; Linux x86_64) AppleWebKit/537.36 (KHTML, like Gecko) Chrome/81.0.4044.92 Safari/537.36"
::1 - - [12/Feb/2021:01:53:08 +0000] "POST /student HTTP/1.1" 200 281 "-" "Mozilla/5.0 (X11; Linux x86_64) AppleWebKit/537.36 (KHTML, like Gecko) Chrome/81.0.4044.92 Safari/537.36"
::1 - - [12/Feb/2021:01:54:35 +0000] "OPTIONS /student HTTP/1.1" 200 4 "-" "Mozilla/5.0 (X11; Linux x86_64) AppleWebKit/537.36 (KHTML, like Gecko) Chrome/81.0.4044.92 Safari/537.36"
::1 - - [12/Feb/2021:01:54:36 +0000] "POST /student HTTP/1.1" 200 276 "-" "Mozilla/5.0 (X11; Linux x86_64) AppleWebKit/537.36 (KHTML, like Gecko) Chrome/81.0.4044.92 Safari/537.36"
::1 - - [12/Feb/2021:01:55:53 +0000] "OPTIONS /student HTTP/1.1" 200 4 "-" "Mozilla/5.0 (X11; Linux x86_64) AppleWebKit/537.36 (KHTML, like Gecko) Chrome/81.0.4044.92 Safari/537.36"
::1 - - [12/Feb/2021:01:55:53 +0000] "POST /student HTTP/1.1" 200 295 "-" "Mozilla/5.0 (X11; Linux x86_64) AppleWebKit/537.36 (KHTML, like Gecko) Chrome/81.0.4044.92 Safari/537.36"
::1 - - [12/Feb/2021:01:56:13 +0000] "OPTIONS /student HTTP/1.1" 200 4 "-" "Mozilla/5.0 (X11; Linux x86_64) AppleWebKit/537.36 (KHTML, like Gecko) Chrome/81.0.4044.92 Safari/537.36"
::1 - - [12/Feb/2021:01:56:13 +0000] "POST /student HTTP/1.1" 200 301 "-" "Mozilla/5.0 (X11; Linux x86_64) AppleWebKit/537.36 (KHTML, like Gecko) Chrome/81.0.4044.92 Safari/537.36"
::1 - - [12/Feb/2021:01:56:31 +0000] "OPTIONS /student HTTP/1.1" 200 4 "-" "Mozilla/5.0 (X11; Linux x86_64) AppleWebKit/537.36 (KHTML, like Gecko) Chrome/81.0.4044.92 Safari/537.36"
::1 - - [12/Feb/2021:01:56:31 +0000] "POST /student HTTP/1.1" 200 290 "-" "Mozilla/5.0 (X11; Linux x86_64) AppleWebKit/537.36 (KHTML, like Gecko) Chrome/81.0.4044.92 Safari/537.36"
::1 - - [12/Feb/2021:01:57:22 +0000] "OPTIONS /student HTTP/1.1" 200 4 "-" "Mozilla/5.0 (X11; Linux x86_64) AppleWebKit/537.36 (KHTML, like Gecko) Chrome/81.0.4044.92 Safari/537.36"
::1 - - [12/Feb/2021:01:57:22 +0000] "POST /student HTTP/1.1" 200 314 "-" "Mozilla/5.0 (X11; Linux x86_64) AppleWebKit/537.36 (KHTML, like Gecko) Chrome/81.0.4044.92 Safari/537.36"
::1 - - [12/Feb/2021:01:58:25 +0000] "OPTIONS /student HTTP/1.1" 200 4 "-" "Mozilla/5.0 (X11; Linux x86_64) AppleWebKit/537.36 (KHTML, like Gecko) Chrome/81.0.4044.92 Safari/537.36"
::1 - - [12/Feb/2021:01:58:25 +0000] "POST /student HTTP/1.1" 200 318 "-" "Mozilla/5.0 (X11; Linux x86_64) AppleWebKit/537.36 (KHTML, like Gecko) Chrome/81.0.4044.92 Safari/537.36"
::1 - - [12/Feb/2021:01:59:51 +0000] "OPTIONS /student HTTP/1.1" 200 4 "-" "Mozilla/5.0 (X11; Linux x86_64) AppleWebKit/537.36 (KHTML, like Gecko) Chrome/81.0.4044.92 Safari/537.36"
::1 - - [12/Feb/2021:01:59:51 +0000] "POST /student HTTP/1.1" 200 348 "-" "Mozilla/5.0 (X11; Linux x86_64) AppleWebKit/537.36 (KHTML, like Gecko) Chrome/81.0.4044.92 Safari/537.36"
::1 - - [12/Feb/2021:02:00:37 +0000] "OPTIONS /student HTTP/1.1" 200 4 "-" "Mozilla/5.0 (X11; Linux x86_64) AppleWebKit/537.36 (KHTML, like Gecko) Chrome/81.0.4044.92 Safari/537.36"
::1 - - [12/Feb/2021:02:00:37 +0000] "POST /student HTTP/1.1" 200 348 "-" "Mozilla/5.0 (X11; Linux x86_64) AppleWebKit/537.36 (KHTML, like Gecko) Chrome/81.0.4044.92 Safari/537.36"
::1 - - [12/Feb/2021:02:01:29 +0000] "OPTIONS /student HTTP/1.1" 200 4 "-" "Mozilla/5.0 (X11; Linux x86_64) AppleWebKit/537.36 (KHTML, like Gecko) Chrome/81.0.4044.92 Safari/537.36"
::1 - - [12/Feb/2021:02:01:29 +0000] "POST /student HTTP/1.1" 200 348 "-" "Mozilla/5.0 (X11; Linux x86_64) AppleWebKit/537.36 (KHTML, like Gecko) Chrome/81.0.4044.92 Safari/537.36"
::1 - - [12/Feb/2021:02:01:30 +0000] "OPTIONS /student HTTP/1.1" 200 4 "-" "Mozilla/5.0 (X11; Linux x86_64) AppleWebKit/537.36 (KHTML, like Gecko) Chrome/81.0.4044.92 Safari/537.36"
::1 - - [12/Feb/2021:02:01:30 +0000] "POST /student HTTP/1.1" 200 348 "-" "Mozilla/5.0 (X11; Linux x86_64) AppleWebKit/537.36 (KHTML, like Gecko) Chrome/81.0.4044.92 Safari/537.36"
::1 - - [12/Feb/2021:02:01:45 +0000] "OPTIONS /student HTTP/1.1" 200 4 "-" "Mozilla/5.0 (X11; Linux x86_64) AppleWebKit/537.36 (KHTML, like Gecko) Chrome/81.0.4044.92 Safari/537.36"
::1 - - [12/Feb/2021:02:01:45 +0000] "POST /student HTTP/1.1" 200 348 "-" "Mozilla/5.0 (X11; Linux x86_64) AppleWebKit/537.36 (KHTML, like Gecko) Chrome/81.0.4044.92 Safari/537.36"
